2017-01-19 15:46:11,856  WARN [ModalContext] - ScalaProject - Project Testproject has platform default sourceLevel.
2017-01-19 15:46:11,857  WARN [ModalContext] - ScalaProject - Project Testproject runs on platform default installation.
2017-01-19 15:46:17,904  WARN [Worker-14] - ScalaProject - Project Testproject has platform default sourceLevel.
2017-01-19 15:46:17,904  WARN [Worker-14] - ScalaProject - Project Testproject runs on platform default installation.
2017-01-20 10:12:51,730  WARN [main] - ScalaProject - Project Testproject has platform default sourceLevel.
2017-01-20 10:12:51,731  WARN [main] - ScalaProject - Project Testproject runs on platform default installation.
2017-01-20 10:12:53,923  WARN [main] - ScalaProject - Project Testproject has platform default sourceLevel.
2017-01-20 10:12:53,923  WARN [main] - ScalaProject - Project Testproject runs on platform default installation.
2017-01-20 10:12:54,287  WARN [Worker-96] - ScalaProject - Project Testproject has platform default sourceLevel.
2017-01-20 10:12:54,287  WARN [Worker-96] - ScalaProject - Project Testproject runs on platform default installation.
2017-01-20 10:13:45,143  WARN [Worker-91] - ScalaProject - Project Testproject has platform default sourceLevel.
2017-01-20 10:13:45,143  WARN [Worker-91] - ScalaProject - Project Testproject runs on platform default installation.
2017-01-24 10:46:14,588  WARN [main] - ScalaProject - Project Testproject has platform default sourceLevel.
2017-01-24 10:46:14,594  WARN [main] - ScalaProject - Project Testproject runs on platform default installation.
2017-01-24 10:46:14,609  WARN [main] - ScalaProject - Project Testproject has platform default sourceLevel.
2017-01-24 10:46:14,609  WARN [main] - ScalaProject - Project Testproject runs on platform default installation.
2017-01-24 11:29:22,319  WARN [Worker-5] - ScalaProject - Project Testproject has platform default sourceLevel.
2017-01-24 11:29:22,320  WARN [Worker-5] - ScalaProject - Project Testproject runs on platform default installation.
2017-03-21 12:10:24,069  WARN [Worker-6] - ScalaProject - Project Testproject has platform default sourceLevel.
2017-03-21 12:10:24,075  WARN [Worker-6] - ScalaProject - Project Testproject runs on platform default installation.
2017-04-27 10:33:42,745  WARN [Worker-6] - ScalaProject - Project Testproject has platform default sourceLevel.
2017-04-27 10:33:42,758  WARN [Worker-6] - ScalaProject - Project Testproject runs on platform default installation.
2017-04-27 10:43:50,724  WARN [main] - ScalaProject - Project Testproject has platform default sourceLevel.
2017-04-27 10:43:50,725  WARN [main] - ScalaProject - Project Testproject runs on platform default installation.
